<?xml version="1.0" encoding="UTF-8"?>
<!-- Generated by org.testng.reporters.JUnitReportReporter -->
<testsuite hostname="LAPTOP-E8T0R53H" failures="0" tests="1" name="TestCases.test" time="24.137" errors="0" timestamp="2022-12-07T08:12:15 IST" skipped="0">
  <testcase classname="TestCases.test" name="method1" time="24.137"/>
  <system-out/>
</testsuite> <!-- TestCases.test -->
