<?xml version="1.0" encoding="UTF-8"?>
<!-- Generated by org.testng.reporters.JUnitReportReporter -->
<testsuite hostname="LAPTOP-E8T0R53H" failures="0" tests="1" name="TestCases.signuptestcases" time="30.639" errors="0" timestamp="2022-12-19T17:23:00 IST" skipped="0">
  <testcase classname="TestCases.signuptestcases" name="signup" time="30.639"/>
  <system-out/>
</testsuite> <!-- TestCases.signuptestcases -->
